-- The C compiler identification is GNU 11.4.0
-- The CXX compiler identification is GNU 11.4.0
-- Detecting C compiler ABI info
-- Detecting C compiler ABI info - done
-- Check for working C compiler: /usr/bin/cc - skipped
-- Detecting C compile features
-- Detecting C compile features - done
-- Detecting CXX compiler ABI info
-- Detecting CXX compiler ABI info - done
-- Check for working CXX compiler: /usr/bin/c++ - skipped
-- Detecting CXX compile features
-- Detecting CXX compile features - done
-- Found ament_cmake: 1.3.10 (/opt/ros/humble/share/ament_cmake/cmake)
-- Found Python3: /usr/bin/python3 (found version "3.10.12") found components: Interpreter 
-- Found rclcpp: 16.0.10 (/opt/ros/humble/share/rclcpp/cmake)
-- Found rosidl_generator_c: 3.1.5 (/opt/ros/humble/share/rosidl_generator_c/cmake)
-- Found rosidl_adapter: 3.1.5 (/opt/ros/humble/share/rosidl_adapter/cmake)
-- Found rosidl_generator_cpp: 3.1.5 (/opt/ros/humble/share/rosidl_generator_cpp/cmake)
-- Using all available rosidl_typesupport_c: rosidl_typesupport_fastrtps_c;rosidl_typesupport_introspection_c
-- Using all available rosidl_typesupport_cpp: rosidl_typesupport_fastrtps_cpp;rosidl_typesupport_introspection_cpp
-- Found rmw_implementation_cmake: 6.1.2 (/opt/ros/humble/share/rmw_implementation_cmake/cmake)
-- Found rmw_fastrtps_cpp: 6.2.7 (/opt/ros/humble/share/rmw_fastrtps_cpp/cmake)
-- Found OpenSSL: /usr/lib/x86_64-linux-gnu/libcrypto.so (found version "3.0.2")  
-- Found FastRTPS: /opt/ros/humble/include  
-- Using RMW implementation 'rmw_fastrtps_cpp' as default
-- Looking for pthread.h
-- Looking for pthread.h - found
-- Performing Test CMAKE_HAVE_LIBC_PTHREAD
-- Performing Test CMAKE_HAVE_LIBC_PTHREAD - Success
-- Found Threads: TRUE  
-- Configuring done
-- Generating done
-- Build files have been written to: /ros2_ws/build/talker_listener
[ 25%] [32mBuilding CXX object CMakeFiles/listener.dir/src/listener.cpp.o[0m
[ 50%] [32mBuilding CXX object CMakeFiles/talker.dir/src/talker.cpp.o[0m
[ 75%] [32m[1mLinking CXX executable talker[0m
[ 75%] Built target talker
[100%] [32m[1mLinking CXX executable listener[0m
[100%] Built target listener
-- Install configuration: ""
-- Installing: /ros2_ws/install/talker_listener/lib/talker_listener/talker
-- Set runtime path of "/ros2_ws/install/talker_listener/lib/talker_listener/talker" to ""
-- Installing: /ros2_ws/install/talker_listener/lib/talker_listener/listener
-- Set runtime path of "/ros2_ws/install/talker_listener/lib/talker_listener/listener" to ""
-- Installing: /ros2_ws/install/talker_listener/share/ament_index/resource_index/package_run_dependencies/talker_listener
-- Installing: /ros2_ws/install/talker_listener/share/ament_index/resource_index/parent_prefix_path/talker_listener
-- Installing: /ros2_ws/install/talker_listener/share/talker_listener/environment/ament_prefix_path.sh
-- Installing: /ros2_ws/install/talker_listener/share/talker_listener/environment/ament_prefix_path.dsv
-- Installing: /ros2_ws/install/talker_listener/share/talker_listener/environment/path.sh
-- Installing: /ros2_ws/install/talker_listener/share/talker_listener/environment/path.dsv
-- Installing: /ros2_ws/install/talker_listener/share/talker_listener/local_setup.bash
-- Installing: /ros2_ws/install/talker_listener/share/talker_listener/local_setup.sh
-- Installing: /ros2_ws/install/talker_listener/share/talker_listener/local_setup.zsh
-- Installing: /ros2_ws/install/talker_listener/share/talker_listener/local_setup.dsv
-- Installing: /ros2_ws/install/talker_listener/share/talker_listener/package.dsv
-- Installing: /ros2_ws/install/talker_listener/share/ament_index/resource_index/packages/talker_listener
-- Installing: /ros2_ws/install/talker_listener/share/talker_listener/cmake/talker_listenerConfig.cmake
-- Installing: /ros2_ws/install/talker_listener/share/talker_listener/cmake/talker_listenerConfig-version.cmake
-- Installing: /ros2_ws/install/talker_listener/share/talker_listener/package.xml
