[0.027s] Invoking command in '/ros2_ws/build/talker_listener': CMAKE_PREFIX_PATH=/opt/ros/humble /usr/bin/cmake /ros2_ws/src/talker_listener -DCMAKE_INSTALL_PREFIX=/ros2_ws/install/talker_listener
[0.455s] -- The C compiler identification is GNU 11.4.0
[0.718s] -- The CXX compiler identification is GNU 11.4.0
[0.736s] -- Detecting C compiler ABI info
[0.868s] -- Detecting C compiler ABI info - done
[0.879s] -- Check for working C compiler: /usr/bin/cc - skipped
[0.880s] -- Detecting C compile features
[0.881s] -- Detecting C compile features - done
[0.890s] -- Detecting CXX compiler ABI info
[1.016s] -- Detecting CXX compiler ABI info - done
[1.027s] -- Check for working CXX compiler: /usr/bin/c++ - skipped
[1.028s] -- Detecting CXX compile features
[1.028s] -- Detecting CXX compile features - done
[1.038s] -- Found ament_cmake: 1.3.10 (/opt/ros/humble/share/ament_cmake/cmake)
[1.243s] -- Found Python3: /usr/bin/python3 (found version "3.10.12") found components: Interpreter 
[1.426s] -- Found rclcpp: 16.0.10 (/opt/ros/humble/share/rclcpp/cmake)
[1.521s] -- Found rosidl_generator_c: 3.1.5 (/opt/ros/humble/share/rosidl_generator_c/cmake)
[1.531s] -- Found rosidl_adapter: 3.1.5 (/opt/ros/humble/share/rosidl_adapter/cmake)
[1.551s] -- Found rosidl_generator_cpp: 3.1.5 (/opt/ros/humble/share/rosidl_generator_cpp/cmake)
[1.578s] -- Using all available rosidl_typesupport_c: rosidl_typesupport_fastrtps_c;rosidl_typesupport_introspection_c
[1.607s] -- Using all available rosidl_typesupport_cpp: rosidl_typesupport_fastrtps_cpp;rosidl_typesupport_introspection_cpp
[1.677s] -- Found rmw_implementation_cmake: 6.1.2 (/opt/ros/humble/share/rmw_implementation_cmake/cmake)
[1.683s] -- Found rmw_fastrtps_cpp: 6.2.7 (/opt/ros/humble/share/rmw_fastrtps_cpp/cmake)
[1.796s] -- Found OpenSSL: /usr/lib/x86_64-linux-gnu/libcrypto.so (found version "3.0.2")  
[1.817s] -- Found FastRTPS: /opt/ros/humble/include  
[1.851s] -- Using RMW implementation 'rmw_fastrtps_cpp' as default
[1.868s] -- Looking for pthread.h
[2.002s] -- Looking for pthread.h - found
[2.004s] -- Performing Test CMAKE_HAVE_LIBC_PTHREAD
[2.118s] -- Performing Test CMAKE_HAVE_LIBC_PTHREAD - Success
[2.120s] -- Found Threads: TRUE  
[2.305s] -- Configuring done
[2.356s] -- Generating done
[2.368s] -- Build files have been written to: /ros2_ws/build/talker_listener
[2.375s] Invoked command in '/ros2_ws/build/talker_listener' returned '0': CMAKE_PREFIX_PATH=/opt/ros/humble /usr/bin/cmake /ros2_ws/src/talker_listener -DCMAKE_INSTALL_PREFIX=/ros2_ws/install/talker_listener
[2.379s] Invoking command in '/ros2_ws/build/talker_listener': CMAKE_PREFIX_PATH=/opt/ros/humble /usr/bin/cmake --build /ros2_ws/build/talker_listener -- -j4 -l4
[2.442s] [ 25%] [32mBuilding CXX object CMakeFiles/listener.dir/src/listener.cpp.o[0m
[2.446s] [ 50%] [32mBuilding CXX object CMakeFiles/talker.dir/src/talker.cpp.o[0m
[8.060s] [ 75%] [32m[1mLinking CXX executable talker[0m
[8.929s] [ 75%] Built target talker
[12.280s] [100%] [32m[1mLinking CXX executable listener[0m
[13.290s] [100%] Built target listener
[13.377s] Invoked command in '/ros2_ws/build/talker_listener' returned '0': CMAKE_PREFIX_PATH=/opt/ros/humble /usr/bin/cmake --build /ros2_ws/build/talker_listener -- -j4 -l4
[13.450s] Invoking command in '/ros2_ws/build/talker_listener': CMAKE_PREFIX_PATH=/opt/ros/humble /usr/bin/cmake --install /ros2_ws/build/talker_listener
[13.456s] -- Install configuration: ""
[13.457s] -- Installing: /ros2_ws/install/talker_listener/lib/talker_listener/talker
[13.481s] -- Set runtime path of "/ros2_ws/install/talker_listener/lib/talker_listener/talker" to ""
[13.482s] -- Installing: /ros2_ws/install/talker_listener/lib/talker_listener/listener
[13.538s] -- Set runtime path of "/ros2_ws/install/talker_listener/lib/talker_listener/listener" to ""
[13.540s] -- Installing: /ros2_ws/install/talker_listener/share/ament_index/resource_index/package_run_dependencies/talker_listener
[13.543s] -- Installing: /ros2_ws/install/talker_listener/share/ament_index/resource_index/parent_prefix_path/talker_listener
[13.546s] -- Installing: /ros2_ws/install/talker_listener/share/talker_listener/environment/ament_prefix_path.sh
[13.549s] -- Installing: /ros2_ws/install/talker_listener/share/talker_listener/environment/ament_prefix_path.dsv
[13.552s] -- Installing: /ros2_ws/install/talker_listener/share/talker_listener/environment/path.sh
[13.554s] -- Installing: /ros2_ws/install/talker_listener/share/talker_listener/environment/path.dsv
[13.557s] -- Installing: /ros2_ws/install/talker_listener/share/talker_listener/local_setup.bash
[13.560s] -- Installing: /ros2_ws/install/talker_listener/share/talker_listener/local_setup.sh
[13.562s] -- Installing: /ros2_ws/install/talker_listener/share/talker_listener/local_setup.zsh
[13.565s] -- Installing: /ros2_ws/install/talker_listener/share/talker_listener/local_setup.dsv
[13.567s] -- Installing: /ros2_ws/install/talker_listener/share/talker_listener/package.dsv
[13.571s] -- Installing: /ros2_ws/install/talker_listener/share/ament_index/resource_index/packages/talker_listener
[13.573s] -- Installing: /ros2_ws/install/talker_listener/share/talker_listener/cmake/talker_listenerConfig.cmake
[13.576s] -- Installing: /ros2_ws/install/talker_listener/share/talker_listener/cmake/talker_listenerConfig-version.cmake
[13.578s] -- Installing: /ros2_ws/install/talker_listener/share/talker_listener/package.xml
[13.593s] Invoked command in '/ros2_ws/build/talker_listener' returned '0': CMAKE_PREFIX_PATH=/opt/ros/humble /usr/bin/cmake --install /ros2_ws/build/talker_listener
