[0.009s] Invoking command in '/home/module-dev/ros2_ws/build/talker_listener': CMAKE_PREFIX_PATH=/opt/ros/humble /usr/bin/cmake /home/module-dev/ros2_ws/src/talker_listener -DCMAKE_INSTALL_PREFIX=/home/module-dev/ros2_ws/install/talker_listener
[0.022s] -- Found ament_cmake: 1.3.10 (/opt/ros/humble/share/ament_cmake/cmake)
[0.164s] -- Found Python3: /usr/bin/python3 (found version "3.10.12") found components: Interpreter 
[0.254s] -- Found rclcpp: 16.0.10 (/opt/ros/humble/share/rclcpp/cmake)
[0.303s] -- Found rosidl_generator_c: 3.1.5 (/opt/ros/humble/share/rosidl_generator_c/cmake)
[0.307s] -- Found rosidl_adapter: 3.1.5 (/opt/ros/humble/share/rosidl_adapter/cmake)
[0.315s] -- Found rosidl_generator_cpp: 3.1.5 (/opt/ros/humble/share/rosidl_generator_cpp/cmake)
[0.327s] -- Using all available rosidl_typesupport_c: rosidl_typesupport_fastrtps_c;rosidl_typesupport_introspection_c
[0.342s] -- Using all available rosidl_typesupport_cpp: rosidl_typesupport_fastrtps_cpp;rosidl_typesupport_introspection_cpp
[0.381s] -- Found rmw_implementation_cmake: 6.1.2 (/opt/ros/humble/share/rmw_implementation_cmake/cmake)
[0.384s] -- Found rmw_fastrtps_cpp: 6.2.7 (/opt/ros/humble/share/rmw_fastrtps_cpp/cmake)
[0.457s] -- Found OpenSSL: /usr/lib/x86_64-linux-gnu/libcrypto.so (found version "3.0.2")  
[0.483s] -- Found FastRTPS: /opt/ros/humble/include  
[0.521s] -- Using RMW implementation 'rmw_fastrtps_cpp' as default
[0.529s] -- Looking for pthread.h
[0.597s] -- Looking for pthread.h - found
[0.597s] -- Performing Test CMAKE_HAVE_LIBC_PTHREAD
[0.666s] -- Performing Test CMAKE_HAVE_LIBC_PTHREAD - Success
[0.667s] -- Found Threads: TRUE  
[0.787s] -- Configuring done
[0.797s] -- Generating done
[0.799s] -- Build files have been written to: /home/module-dev/ros2_ws/build/talker_listener
[0.807s] Invoked command in '/home/module-dev/ros2_ws/build/talker_listener' returned '0': CMAKE_PREFIX_PATH=/opt/ros/humble /usr/bin/cmake /home/module-dev/ros2_ws/src/talker_listener -DCMAKE_INSTALL_PREFIX=/home/module-dev/ros2_ws/install/talker_listener
[0.809s] Invoking command in '/home/module-dev/ros2_ws/build/talker_listener': CMAKE_PREFIX_PATH=/opt/ros/humble /usr/bin/cmake --build /home/module-dev/ros2_ws/build/talker_listener -- -j4 -l4
[0.857s] [ 50%] [32mBuilding CXX object CMakeFiles/listener.dir/src/listener.cpp.o[0m
[0.857s] [ 50%] [32mBuilding CXX object CMakeFiles/talker.dir/src/talker.cpp.o[0m
[5.229s] [ 75%] [32m[1mLinking CXX executable talker[0m
[5.453s] [ 75%] Built target talker
[9.216s] [100%] [32m[1mLinking CXX executable listener[0m
[9.596s] [100%] Built target listener
[9.607s] Invoked command in '/home/module-dev/ros2_ws/build/talker_listener' returned '0': CMAKE_PREFIX_PATH=/opt/ros/humble /usr/bin/cmake --build /home/module-dev/ros2_ws/build/talker_listener -- -j4 -l4
[9.641s] Invoking command in '/home/module-dev/ros2_ws/build/talker_listener': CMAKE_PREFIX_PATH=/opt/ros/humble /usr/bin/cmake --install /home/module-dev/ros2_ws/build/talker_listener
[9.648s] -- Install configuration: ""
[9.649s] -- Installing: /home/module-dev/ros2_ws/install/talker_listener/lib/talker_listener/talker
[9.650s] -- Set runtime path of "/home/module-dev/ros2_ws/install/talker_listener/lib/talker_listener/talker" to ""
[9.650s] -- Installing: /home/module-dev/ros2_ws/install/talker_listener/lib/talker_listener/listener
[9.653s] -- Set runtime path of "/home/module-dev/ros2_ws/install/talker_listener/lib/talker_listener/listener" to ""
[9.653s] -- Installing: /home/module-dev/ros2_ws/install/talker_listener/share/ament_index/resource_index/package_run_dependencies/talker_listener
[9.653s] -- Installing: /home/module-dev/ros2_ws/install/talker_listener/share/ament_index/resource_index/parent_prefix_path/talker_listener
[9.653s] -- Installing: /home/module-dev/ros2_ws/install/talker_listener/share/talker_listener/environment/ament_prefix_path.sh
[9.653s] -- Installing: /home/module-dev/ros2_ws/install/talker_listener/share/talker_listener/environment/ament_prefix_path.dsv
[9.653s] -- Installing: /home/module-dev/ros2_ws/install/talker_listener/share/talker_listener/environment/path.sh
[9.653s] -- Installing: /home/module-dev/ros2_ws/install/talker_listener/share/talker_listener/environment/path.dsv
[9.654s] -- Installing: /home/module-dev/ros2_ws/install/talker_listener/share/talker_listener/local_setup.bash
[9.654s] -- Installing: /home/module-dev/ros2_ws/install/talker_listener/share/talker_listener/local_setup.sh
[9.654s] -- Installing: /home/module-dev/ros2_ws/install/talker_listener/share/talker_listener/local_setup.zsh
[9.654s] -- Installing: /home/module-dev/ros2_ws/install/talker_listener/share/talker_listener/local_setup.dsv
[9.654s] -- Installing: /home/module-dev/ros2_ws/install/talker_listener/share/talker_listener/package.dsv
[9.654s] -- Installing: /home/module-dev/ros2_ws/install/talker_listener/share/ament_index/resource_index/packages/talker_listener
[9.654s] -- Installing: /home/module-dev/ros2_ws/install/talker_listener/share/talker_listener/cmake/talker_listenerConfig.cmake
[9.654s] -- Installing: /home/module-dev/ros2_ws/install/talker_listener/share/talker_listener/cmake/talker_listenerConfig-version.cmake
[9.655s] -- Installing: /home/module-dev/ros2_ws/install/talker_listener/share/talker_listener/package.xml
[9.657s] Invoked command in '/home/module-dev/ros2_ws/build/talker_listener' returned '0': CMAKE_PREFIX_PATH=/opt/ros/humble /usr/bin/cmake --install /home/module-dev/ros2_ws/build/talker_listener
