[0.007s] Invoking command in '/home/module-dev/ros2_ws/build/talker_listener': /usr/bin/cmake /home/module-dev/ros2_ws/src/talker_listener -DCMAKE_INSTALL_PREFIX=/home/module-dev/ros2_ws/install/talker_listener
[0.055s] -- The C compiler identification is GNU 11.4.0
[0.105s] -- The CXX compiler identification is GNU 11.4.0
[0.112s] -- Detecting C compiler ABI info
[0.172s] -- Detecting C compiler ABI info - done
[0.180s] -- Check for working C compiler: /usr/bin/cc - skipped
[0.180s] -- Detecting C compile features
[0.180s] -- Detecting C compile features - done
[0.183s] -- Detecting CXX compiler ABI info
[0.255s] -- Detecting CXX compiler ABI info - done
[0.263s] -- Check for working CXX compiler: /usr/bin/c++ - skipped
[0.263s] -- Detecting CXX compile features
[0.264s] -- Detecting CXX compile features - done
[0.272s] [31mCMake Error at CMakeLists.txt:5 (find_package):
[0.273s]   By not providing "Findament_cmake.cmake" in CMAKE_MODULE_PATH this project
[0.273s]   has asked CMake to find a package configuration file provided by
[0.273s]   "ament_cmake", but CMake did not find one.
[0.273s] 
[0.273s]   Could not find a package configuration file provided by "ament_cmake" with
[0.273s]   any of the following names:
[0.273s] 
[0.273s]     ament_cmakeConfig.cmake
[0.273s]     ament_cmake-config.cmake
[0.273s] 
[0.273s]   Add the installation prefix of "ament_cmake" to CMAKE_PREFIX_PATH or set
[0.273s]   "ament_cmake_DIR" to a directory containing one of the above files.  If
[0.274s]   "ament_cmake" provides a separate development package or SDK, be sure it
[0.274s]   has been installed.
[0.274s] 
[0.274s] [0m
[0.274s] -- Configuring incomplete, errors occurred!
[0.274s] See also "/home/module-dev/ros2_ws/build/talker_listener/CMakeFiles/CMakeOutput.log".
[0.277s] Invoked command in '/home/module-dev/ros2_ws/build/talker_listener' returned '1': /usr/bin/cmake /home/module-dev/ros2_ws/src/talker_listener -DCMAKE_INSTALL_PREFIX=/home/module-dev/ros2_ws/install/talker_listener
