[0.400s] DEBUG:colcon:Command line arguments: ['/usr/bin/colcon', 'build']
[0.400s] DEBUG:colcon:Parsed command line arguments: Namespace(log_base=None, log_level=None, verb_name='build', build_base='build', install_base='install', merge_install=False, symlink_install=False, test_result_base=None, continue_on_error=False, executor='parallel', parallel_workers=4, event_handlers=None, ignore_user_meta=False, metas=['./colcon.meta'], base_paths=['.'], packages_ignore=None, packages_ignore_regex=None, paths=None, packages_up_to=None, packages_up_to_regex=None, packages_above=None, packages_above_and_dependencies=None, packages_above_depth=None, packages_select_by_dep=None, packages_skip_by_dep=None, packages_skip_up_to=None, packages_select_build_failed=False, packages_skip_build_finished=False, packages_select_test_failures=False, packages_skip_test_passed=False, packages_select=None, packages_skip=None, packages_select_regex=None, packages_skip_regex=None, packages_start=None, packages_end=None, cmake_args=None, cmake_target=None, cmake_target_skip_unavailable=False, cmake_clean_cache=False, cmake_clean_first=False, cmake_force_configure=False, ament_cmake_args=None, catkin_cmake_args=None, catkin_skip_building_tests=False, mixin_files=None, mixin=None, verb_parser=<colcon_mixin.mixin.mixin_argument.MixinArgumentDecorator object at 0x7f99b74c6290>, verb_extension=<colcon_core.verb.build.BuildVerb object at 0x7f99b7616a10>, main=<bound method BuildVerb.main of <colcon_core.verb.build.BuildVerb object at 0x7f99b7616a10>>, mixin_verb=('build',))
[0.670s] Level 1:colcon.colcon_core.package_discovery:discover_packages(colcon_meta) check parameters
[0.672s] INFO:colcon.colcon_metadata.package_discovery.colcon_meta:Using configuration from '/root/.colcon/metadata/default/Gazebo.meta'
[0.674s] INFO:colcon.colcon_metadata.package_discovery.colcon_meta:Using configuration from '/root/.colcon/metadata/default/fastrtps.meta'
[0.674s] Level 1:colcon.colcon_core.package_discovery:discover_packages(recursive) check parameters
[0.674s] Level 1:colcon.colcon_core.package_discovery:discover_packages(ignore) check parameters
[0.674s] Level 1:colcon.colcon_core.package_discovery:discover_packages(path) check parameters
[0.675s] Level 1:colcon.colcon_core.package_discovery:discover_packages(colcon_meta) discover
[0.675s] Level 1:colcon.colcon_core.package_discovery:discover_packages(recursive) discover
[0.675s] INFO:colcon.colcon_core.package_discovery:Crawling recursively for packages in '/ros2_ws'
[0.676s] Level 1:colcon.colcon_core.package_identification:_identify(.) by extensions ['ignore', 'ignore_ament_install']
[0.676s] Level 1:colcon.colcon_core.package_identification:_identify(.) by extension 'ignore'
[0.676s] Level 1:colcon.colcon_core.package_identification:_identify(.) by extension 'ignore_ament_install'
[0.677s] Level 1:colcon.colcon_core.package_identification:_identify(.) by extensions ['colcon_pkg']
[0.677s] Level 1:colcon.colcon_core.package_identification:_identify(.) by extension 'colcon_pkg'
[0.677s] Level 1:colcon.colcon_core.package_identification:_identify(.) by extensions ['colcon_meta']
[0.677s] Level 1:colcon.colcon_core.package_identification:_identify(.) by extension 'colcon_meta'
[0.677s] Level 1:colcon.colcon_core.package_identification:_identify(.) by extensions ['ros']
[0.678s] Level 1:colcon.colcon_core.package_identification:_identify(.) by extension 'ros'
[0.703s] Level 1:colcon.colcon_core.package_identification:_identify(.) by extensions ['cmake', 'python']
[0.703s] Level 1:colcon.colcon_core.package_identification:_identify(.) by extension 'cmake'
[0.703s] Level 1:colcon.colcon_core.package_identification:_identify(.) by extension 'python'
[0.703s] Level 1:colcon.colcon_core.package_identification:_identify(.) by extensions ['python_setup_py']
[0.704s] Level 1:colcon.colcon_core.package_identification:_identify(.) by extension 'python_setup_py'
[0.704s] Level 1:colcon.colcon_core.package_identification:_identify(build) by extensions ['ignore', 'ignore_ament_install']
[0.705s] Level 1:colcon.colcon_core.package_identification:_identify(build) by extension 'ignore'
[0.705s] Level 1:colcon.colcon_core.package_identification:_identify(build) ignored
[0.706s] Level 1:colcon.colcon_core.package_identification:_identify(install) by extensions ['ignore', 'ignore_ament_install']
[0.706s] Level 1:colcon.colcon_core.package_identification:_identify(install) by extension 'ignore'
[0.706s] Level 1:colcon.colcon_core.package_identification:_identify(install) ignored
[0.707s] Level 1:colcon.colcon_core.package_identification:_identify(log) by extensions ['ignore', 'ignore_ament_install']
[0.707s] Level 1:colcon.colcon_core.package_identification:_identify(log) by extension 'ignore'
[0.707s] Level 1:colcon.colcon_core.package_identification:_identify(log) ignored
[0.708s] Level 1:colcon.colcon_core.package_identification:_identify(src) by extensions ['ignore', 'ignore_ament_install']
[0.708s] Level 1:colcon.colcon_core.package_identification:_identify(src) by extension 'ignore'
[0.709s] Level 1:colcon.colcon_core.package_identification:_identify(src) by extension 'ignore_ament_install'
[0.709s] Level 1:colcon.colcon_core.package_identification:_identify(src) by extensions ['colcon_pkg']
[0.709s] Level 1:colcon.colcon_core.package_identification:_identify(src) by extension 'colcon_pkg'
[0.709s] Level 1:colcon.colcon_core.package_identification:_identify(src) by extensions ['colcon_meta']
[0.709s] Level 1:colcon.colcon_core.package_identification:_identify(src) by extension 'colcon_meta'
[0.709s] Level 1:colcon.colcon_core.package_identification:_identify(src) by extensions ['ros']
[0.710s] Level 1:colcon.colcon_core.package_identification:_identify(src) by extension 'ros'
[0.710s] Level 1:colcon.colcon_core.package_identification:_identify(src) by extensions ['cmake', 'python']
[0.710s] Level 1:colcon.colcon_core.package_identification:_identify(src) by extension 'cmake'
[0.710s] Level 1:colcon.colcon_core.package_identification:_identify(src) by extension 'python'
[0.710s] Level 1:colcon.colcon_core.package_identification:_identify(src) by extensions ['python_setup_py']
[0.710s] Level 1:colcon.colcon_core.package_identification:_identify(src) by extension 'python_setup_py'
[0.711s] Level 1:colcon.colcon_core.package_identification:_identify(src/talker_listener) by extensions ['ignore', 'ignore_ament_install']
[0.711s] Level 1:colcon.colcon_core.package_identification:_identify(src/talker_listener) by extension 'ignore'
[0.712s] Level 1:colcon.colcon_core.package_identification:_identify(src/talker_listener) by extension 'ignore_ament_install'
[0.712s] Level 1:colcon.colcon_core.package_identification:_identify(src/talker_listener) by extensions ['colcon_pkg']
[0.712s] Level 1:colcon.colcon_core.package_identification:_identify(src/talker_listener) by extension 'colcon_pkg'
[0.712s] Level 1:colcon.colcon_core.package_identification:_identify(src/talker_listener) by extensions ['colcon_meta']
[0.712s] Level 1:colcon.colcon_core.package_identification:_identify(src/talker_listener) by extension 'colcon_meta'
[0.712s] Level 1:colcon.colcon_core.package_identification:_identify(src/talker_listener) by extensions ['ros']
[0.712s] Level 1:colcon.colcon_core.package_identification:_identify(src/talker_listener) by extension 'ros'
[0.717s] DEBUG:colcon.colcon_core.package_identification:Package 'src/talker_listener' with type 'ros.ament_cmake' and name 'talker_listener'
[0.717s] Level 1:colcon.colcon_core.package_discovery:discover_packages(recursive) using defaults
[0.718s] Level 1:colcon.colcon_core.package_discovery:discover_packages(ignore) discover
[0.718s] Level 1:colcon.colcon_core.package_discovery:discover_packages(ignore) using defaults
[0.718s] Level 1:colcon.colcon_core.package_discovery:discover_packages(path) discover
[0.718s] Level 1:colcon.colcon_core.package_discovery:discover_packages(path) using defaults
[0.754s] Level 5:colcon.colcon_core.verb:set package 'talker_listener' build argument 'cmake_args' from command line to 'None'
[0.754s] Level 5:colcon.colcon_core.verb:set package 'talker_listener' build argument 'cmake_target' from command line to 'None'
[0.754s] Level 5:colcon.colcon_core.verb:set package 'talker_listener' build argument 'cmake_target_skip_unavailable' from command line to 'False'
[0.755s] Level 5:colcon.colcon_core.verb:set package 'talker_listener' build argument 'cmake_clean_cache' from command line to 'False'
[0.755s] Level 5:colcon.colcon_core.verb:set package 'talker_listener' build argument 'cmake_clean_first' from command line to 'False'
[0.755s] Level 5:colcon.colcon_core.verb:set package 'talker_listener' build argument 'cmake_force_configure' from command line to 'False'
[0.755s] Level 5:colcon.colcon_core.verb:set package 'talker_listener' build argument 'ament_cmake_args' from command line to 'None'
[0.755s] Level 5:colcon.colcon_core.verb:set package 'talker_listener' build argument 'catkin_cmake_args' from command line to 'None'
[0.755s] Level 5:colcon.colcon_core.verb:set package 'talker_listener' build argument 'catkin_skip_building_tests' from command line to 'False'
[0.756s] DEBUG:colcon.colcon_core.verb:Building package 'talker_listener' with the following arguments: {'ament_cmake_args': None, 'build_base': '/ros2_ws/build/talker_listener', 'catkin_cmake_args': None, 'catkin_skip_building_tests': False, 'cmake_args': None, 'cmake_clean_cache': False, 'cmake_clean_first': False, 'cmake_force_configure': False, 'cmake_target': None, 'cmake_target_skip_unavailable': False, 'install_base': '/ros2_ws/install/talker_listener', 'merge_install': False, 'path': '/ros2_ws/src/talker_listener', 'symlink_install': False, 'test_result_base': None}
[0.756s] INFO:colcon.colcon_core.executor:Executing jobs using 'parallel' executor
[0.758s] DEBUG:colcon.colcon_parallel_executor.executor.parallel:run_until_complete
[0.759s] INFO:colcon.colcon_ros.task.ament_cmake.build:Building ROS package in '/ros2_ws/src/talker_listener' with build type 'ament_cmake'
[0.759s] INFO:colcon.colcon_cmake.task.cmake.build:Building CMake package in '/ros2_ws/src/talker_listener'
[0.765s] INFO:colcon.colcon_core.plugin_system:Skipping extension 'colcon_core.shell.bat': Not used on non-Windows systems
[0.766s] INFO:colcon.colcon_core.shell:Skip shell extension 'powershell' for command environment: Not usable outside of PowerShell
[0.766s] DEBUG:colcon.colcon_core.shell:Skip shell extension 'dsv' for command environment
[0.787s] DEBUG:colcon.colcon_core.event_handler.log_command:Invoking command in '/ros2_ws/build/talker_listener': CMAKE_PREFIX_PATH=/opt/ros/humble /usr/bin/cmake /ros2_ws/src/talker_listener -DCMAKE_INSTALL_PREFIX=/ros2_ws/install/talker_listener
[3.139s] DEBUG:colcon.colcon_core.event_handler.log_command:Invoked command in '/ros2_ws/build/talker_listener' returned '0': CMAKE_PREFIX_PATH=/opt/ros/humble /usr/bin/cmake /ros2_ws/src/talker_listener -DCMAKE_INSTALL_PREFIX=/ros2_ws/install/talker_listener
[3.144s] DEBUG:colcon.colcon_core.event_handler.log_command:Invoking command in '/ros2_ws/build/talker_listener': CMAKE_PREFIX_PATH=/opt/ros/humble /usr/bin/cmake --build /ros2_ws/build/talker_listener -- -j4 -l4
[14.144s] DEBUG:colcon.colcon_core.event_handler.log_command:Invoked command in '/ros2_ws/build/talker_listener' returned '0': CMAKE_PREFIX_PATH=/opt/ros/humble /usr/bin/cmake --build /ros2_ws/build/talker_listener -- -j4 -l4
[14.215s] DEBUG:colcon.colcon_core.event_handler.log_command:Invoking command in '/ros2_ws/build/talker_listener': CMAKE_PREFIX_PATH=/opt/ros/humble /usr/bin/cmake --install /ros2_ws/build/talker_listener
[14.348s] Level 1:colcon.colcon_core.environment:create_environment_scripts_only(talker_listener)
[14.357s] DEBUG:colcon.colcon_core.event_handler.log_command:Invoked command in '/ros2_ws/build/talker_listener' returned '0': CMAKE_PREFIX_PATH=/opt/ros/humble /usr/bin/cmake --install /ros2_ws/build/talker_listener
[14.372s] Level 1:colcon.colcon_core.environment:checking '/ros2_ws/install/talker_listener' for CMake module files
[14.375s] Level 1:colcon.colcon_core.environment:checking '/ros2_ws/install/talker_listener' for CMake config files
[14.376s] Level 1:colcon.colcon_core.shell:create_environment_hook('talker_listener', 'cmake_prefix_path')
[14.378s] INFO:colcon.colcon_core.shell:Creating environment hook '/ros2_ws/install/talker_listener/share/talker_listener/hook/cmake_prefix_path.ps1'
[14.385s] INFO:colcon.colcon_core.shell:Creating environment descriptor '/ros2_ws/install/talker_listener/share/talker_listener/hook/cmake_prefix_path.dsv'
[14.388s] INFO:colcon.colcon_core.shell:Creating environment hook '/ros2_ws/install/talker_listener/share/talker_listener/hook/cmake_prefix_path.sh'
[14.392s] Level 1:colcon.colcon_core.environment:checking '/ros2_ws/install/talker_listener/lib'
[14.393s] Level 1:colcon.colcon_core.environment:checking '/ros2_ws/install/talker_listener/bin'
[14.394s] Level 1:colcon.colcon_core.environment:checking '/ros2_ws/install/talker_listener/lib/pkgconfig/talker_listener.pc'
[14.399s] Level 1:colcon.colcon_core.environment:checking '/ros2_ws/install/talker_listener/lib/python3.10/site-packages'
[14.400s] Level 1:colcon.colcon_core.environment:checking '/ros2_ws/install/talker_listener/bin'
[14.401s] INFO:colcon.colcon_core.shell:Creating package script '/ros2_ws/install/talker_listener/share/talker_listener/package.ps1'
[14.404s] INFO:colcon.colcon_core.shell:Creating package descriptor '/ros2_ws/install/talker_listener/share/talker_listener/package.dsv'
[14.405s] INFO:colcon.colcon_core.shell:Creating package script '/ros2_ws/install/talker_listener/share/talker_listener/package.sh'
[14.408s] INFO:colcon.colcon_core.shell:Creating package script '/ros2_ws/install/talker_listener/share/talker_listener/package.bash'
[14.411s] INFO:colcon.colcon_core.shell:Creating package script '/ros2_ws/install/talker_listener/share/talker_listener/package.zsh'
[14.413s] Level 1:colcon.colcon_core.environment:create_file_with_runtime_dependencies(/ros2_ws/install/talker_listener/share/colcon-core/packages/talker_listener)
[14.445s] Level 1:colcon.colcon_core.environment:create_environment_scripts_only(talker_listener)
[14.446s] Level 1:colcon.colcon_core.environment:checking '/ros2_ws/install/talker_listener' for CMake module files
[14.448s] Level 1:colcon.colcon_core.environment:checking '/ros2_ws/install/talker_listener' for CMake config files
[14.449s] Level 1:colcon.colcon_core.shell:create_environment_hook('talker_listener', 'cmake_prefix_path')
[14.449s] INFO:colcon.colcon_core.shell:Creating environment hook '/ros2_ws/install/talker_listener/share/talker_listener/hook/cmake_prefix_path.ps1'
[14.451s] INFO:colcon.colcon_core.shell:Creating environment descriptor '/ros2_ws/install/talker_listener/share/talker_listener/hook/cmake_prefix_path.dsv'
[14.452s] INFO:colcon.colcon_core.shell:Creating environment hook '/ros2_ws/install/talker_listener/share/talker_listener/hook/cmake_prefix_path.sh'
[14.453s] Level 1:colcon.colcon_core.environment:checking '/ros2_ws/install/talker_listener/lib'
[14.454s] Level 1:colcon.colcon_core.environment:checking '/ros2_ws/install/talker_listener/bin'
[14.454s] Level 1:colcon.colcon_core.environment:checking '/ros2_ws/install/talker_listener/lib/pkgconfig/talker_listener.pc'
[14.455s] Level 1:colcon.colcon_core.environment:checking '/ros2_ws/install/talker_listener/lib/python3.10/site-packages'
[14.455s] Level 1:colcon.colcon_core.environment:checking '/ros2_ws/install/talker_listener/bin'
[14.456s] INFO:colcon.colcon_core.shell:Creating package script '/ros2_ws/install/talker_listener/share/talker_listener/package.ps1'
[14.457s] INFO:colcon.colcon_core.shell:Creating package descriptor '/ros2_ws/install/talker_listener/share/talker_listener/package.dsv'
[14.458s] INFO:colcon.colcon_core.shell:Creating package script '/ros2_ws/install/talker_listener/share/talker_listener/package.sh'
[14.459s] INFO:colcon.colcon_core.shell:Creating package script '/ros2_ws/install/talker_listener/share/talker_listener/package.bash'
[14.460s] INFO:colcon.colcon_core.shell:Creating package script '/ros2_ws/install/talker_listener/share/talker_listener/package.zsh'
[14.461s] Level 1:colcon.colcon_core.environment:create_file_with_runtime_dependencies(/ros2_ws/install/talker_listener/share/colcon-core/packages/talker_listener)
[14.464s] DEBUG:colcon.colcon_parallel_executor.executor.parallel:closing loop
[14.465s] DEBUG:colcon.colcon_parallel_executor.executor.parallel:loop closed
[14.466s] DEBUG:colcon.colcon_parallel_executor.executor.parallel:run_until_complete finished with '0'
[14.467s] DEBUG:colcon.colcon_core.event_reactor:joining thread
[14.490s] INFO:colcon.colcon_core.plugin_system:Skipping extension 'colcon_notification.desktop_notification.notify_send': Could not find 'notify-send'
[14.490s] INFO:colcon.colcon_core.plugin_system:Skipping extension 'colcon_notification.desktop_notification.terminal_notifier': Not used on non-Darwin systems
[14.490s] INFO:colcon.colcon_core.plugin_system:Skipping extension 'colcon_notification.desktop_notification.win32': Not used on non-Windows systems
[14.491s] INFO:colcon.colcon_notification.desktop_notification:Sending desktop notification using 'notify2'
[14.491s] DEBUG:colcon.colcon_notification.desktop_notification.notify2:Failed to initialize notify2: org.freedesktop.DBus.Error.NotSupported: Unable to autolaunch a dbus-daemon without a $DISPLAY for X11
[14.491s] DEBUG:colcon.colcon_core.event_reactor:joined thread
[14.493s] INFO:colcon.colcon_core.shell:Creating prefix script '/ros2_ws/install/local_setup.ps1'
[14.496s] INFO:colcon.colcon_core.shell:Creating prefix util module '/ros2_ws/install/_local_setup_util_ps1.py'
[14.498s] INFO:colcon.colcon_core.shell:Creating prefix chain script '/ros2_ws/install/setup.ps1'
[14.501s] INFO:colcon.colcon_core.shell:Creating prefix script '/ros2_ws/install/local_setup.sh'
[14.503s] INFO:colcon.colcon_core.shell:Creating prefix util module '/ros2_ws/install/_local_setup_util_sh.py'
[14.505s] INFO:colcon.colcon_core.shell:Creating prefix chain script '/ros2_ws/install/setup.sh'
[14.508s] INFO:colcon.colcon_core.shell:Creating prefix script '/ros2_ws/install/local_setup.bash'
[14.509s] INFO:colcon.colcon_core.shell:Creating prefix chain script '/ros2_ws/install/setup.bash'
[14.512s] INFO:colcon.colcon_core.shell:Creating prefix script '/ros2_ws/install/local_setup.zsh'
[14.513s] INFO:colcon.colcon_core.shell:Creating prefix chain script '/ros2_ws/install/setup.zsh'
