[0.107s] DEBUG:colcon:Command line arguments: ['/usr/bin/colcon', 'build']
[0.107s] DEBUG:colcon:Parsed command line arguments: Namespace(log_base=None, log_level=None, verb_name='build', build_base='build', install_base='install', merge_install=False, symlink_install=False, test_result_base=None, continue_on_error=False, executor='parallel', parallel_workers=4, event_handlers=None, ignore_user_meta=False, metas=['./colcon.meta'], base_paths=['.'], packages_ignore=None, packages_ignore_regex=None, paths=None, packages_up_to=None, packages_up_to_regex=None, packages_above=None, packages_above_and_dependencies=None, packages_above_depth=None, packages_select_by_dep=None, packages_skip_by_dep=None, packages_skip_up_to=None, packages_select_build_failed=False, packages_skip_build_finished=False, packages_select_test_failures=False, packages_skip_test_passed=False, packages_select=None, packages_skip=None, packages_select_regex=None, packages_skip_regex=None, packages_start=None, packages_end=None, allow_overriding=[], cmake_args=None, cmake_target=None, cmake_target_skip_unavailable=False, cmake_clean_cache=False, cmake_clean_first=False, cmake_force_configure=False, ament_cmake_args=None, catkin_cmake_args=None, catkin_skip_building_tests=False, mixin_files=None, mixin=None, verb_parser=<colcon_mixin.mixin.mixin_argument.MixinArgumentDecorator object at 0x7ab3ef33fe50>, verb_extension=<colcon_core.verb.build.BuildVerb object at 0x7ab3ef33f820>, main=<bound method BuildVerb.main of <colcon_core.verb.build.BuildVerb object at 0x7ab3ef33f820>>, mixin_verb=('build',))
[0.286s] Level 1:colcon.colcon_core.package_discovery:discover_packages(colcon_meta) check parameters
[0.286s] Level 1:colcon.colcon_core.package_discovery:discover_packages(recursive) check parameters
[0.286s] Level 1:colcon.colcon_core.package_discovery:discover_packages(ignore) check parameters
[0.286s] Level 1:colcon.colcon_core.package_discovery:discover_packages(path) check parameters
[0.286s] Level 1:colcon.colcon_core.package_discovery:discover_packages(colcon_meta) discover
[0.286s] Level 1:colcon.colcon_core.package_discovery:discover_packages(recursive) discover
[0.286s] INFO:colcon.colcon_core.package_discovery:Crawling recursively for packages in '/home/module-dev/ros2_ws'
[0.286s] Level 1:colcon.colcon_core.package_identification:_identify(.) by extensions ['ignore', 'ignore_ament_install']
[0.286s] Level 1:colcon.colcon_core.package_identification:_identify(.) by extension 'ignore'
[0.286s] Level 1:colcon.colcon_core.package_identification:_identify(.) by extension 'ignore_ament_install'
[0.287s] Level 1:colcon.colcon_core.package_identification:_identify(.) by extensions ['colcon_pkg']
[0.287s] Level 1:colcon.colcon_core.package_identification:_identify(.) by extension 'colcon_pkg'
[0.287s] Level 1:colcon.colcon_core.package_identification:_identify(.) by extensions ['colcon_meta']
[0.287s] Level 1:colcon.colcon_core.package_identification:_identify(.) by extension 'colcon_meta'
[0.287s] Level 1:colcon.colcon_core.package_identification:_identify(.) by extensions ['ros']
[0.287s] Level 1:colcon.colcon_core.package_identification:_identify(.) by extension 'ros'
[0.297s] Level 1:colcon.colcon_core.package_identification:_identify(.) by extensions ['cmake', 'python']
[0.297s] Level 1:colcon.colcon_core.package_identification:_identify(.) by extension 'cmake'
[0.297s] Level 1:colcon.colcon_core.package_identification:_identify(.) by extension 'python'
[0.297s] Level 1:colcon.colcon_core.package_identification:_identify(.) by extensions ['python_setup_py']
[0.297s] Level 1:colcon.colcon_core.package_identification:_identify(.) by extension 'python_setup_py'
[0.297s] Level 1:colcon.colcon_core.package_identification:_identify(build) by extensions ['ignore', 'ignore_ament_install']
[0.297s] Level 1:colcon.colcon_core.package_identification:_identify(build) by extension 'ignore'
[0.297s] Level 1:colcon.colcon_core.package_identification:_identify(build) ignored
[0.297s] Level 1:colcon.colcon_core.package_identification:_identify(install) by extensions ['ignore', 'ignore_ament_install']
[0.297s] Level 1:colcon.colcon_core.package_identification:_identify(install) by extension 'ignore'
[0.297s] Level 1:colcon.colcon_core.package_identification:_identify(install) ignored
[0.297s] Level 1:colcon.colcon_core.package_identification:_identify(log) by extensions ['ignore', 'ignore_ament_install']
[0.297s] Level 1:colcon.colcon_core.package_identification:_identify(log) by extension 'ignore'
[0.297s] Level 1:colcon.colcon_core.package_identification:_identify(log) ignored
[0.298s] Level 1:colcon.colcon_core.package_identification:_identify(src) by extensions ['ignore', 'ignore_ament_install']
[0.298s] Level 1:colcon.colcon_core.package_identification:_identify(src) by extension 'ignore'
[0.298s] Level 1:colcon.colcon_core.package_identification:_identify(src) by extension 'ignore_ament_install'
[0.298s] Level 1:colcon.colcon_core.package_identification:_identify(src) by extensions ['colcon_pkg']
[0.298s] Level 1:colcon.colcon_core.package_identification:_identify(src) by extension 'colcon_pkg'
[0.298s] Level 1:colcon.colcon_core.package_identification:_identify(src) by extensions ['colcon_meta']
[0.298s] Level 1:colcon.colcon_core.package_identification:_identify(src) by extension 'colcon_meta'
[0.298s] Level 1:colcon.colcon_core.package_identification:_identify(src) by extensions ['ros']
[0.298s] Level 1:colcon.colcon_core.package_identification:_identify(src) by extension 'ros'
[0.298s] Level 1:colcon.colcon_core.package_identification:_identify(src) by extensions ['cmake', 'python']
[0.298s] Level 1:colcon.colcon_core.package_identification:_identify(src) by extension 'cmake'
[0.298s] Level 1:colcon.colcon_core.package_identification:_identify(src) by extension 'python'
[0.298s] Level 1:colcon.colcon_core.package_identification:_identify(src) by extensions ['python_setup_py']
[0.298s] Level 1:colcon.colcon_core.package_identification:_identify(src) by extension 'python_setup_py'
[0.298s] Level 1:colcon.colcon_core.package_identification:_identify(src/talker_listener) by extensions ['ignore', 'ignore_ament_install']
[0.298s] Level 1:colcon.colcon_core.package_identification:_identify(src/talker_listener) by extension 'ignore'
[0.298s] Level 1:colcon.colcon_core.package_identification:_identify(src/talker_listener) by extension 'ignore_ament_install'
[0.298s] Level 1:colcon.colcon_core.package_identification:_identify(src/talker_listener) by extensions ['colcon_pkg']
[0.298s] Level 1:colcon.colcon_core.package_identification:_identify(src/talker_listener) by extension 'colcon_pkg'
[0.298s] Level 1:colcon.colcon_core.package_identification:_identify(src/talker_listener) by extensions ['colcon_meta']
[0.298s] Level 1:colcon.colcon_core.package_identification:_identify(src/talker_listener) by extension 'colcon_meta'
[0.299s] Level 1:colcon.colcon_core.package_identification:_identify(src/talker_listener) by extensions ['ros']
[0.299s] Level 1:colcon.colcon_core.package_identification:_identify(src/talker_listener) by extension 'ros'
[0.301s] DEBUG:colcon.colcon_core.package_identification:Package 'src/talker_listener' with type 'ros.ament_cmake' and name 'talker_listener'
[0.301s] Level 1:colcon.colcon_core.package_discovery:discover_packages(recursive) using defaults
[0.301s] Level 1:colcon.colcon_core.package_discovery:discover_packages(ignore) discover
[0.301s] Level 1:colcon.colcon_core.package_discovery:discover_packages(ignore) using defaults
[0.301s] Level 1:colcon.colcon_core.package_discovery:discover_packages(path) discover
[0.301s] Level 1:colcon.colcon_core.package_discovery:discover_packages(path) using defaults
[0.332s] Level 1:colcon.colcon_core.package_discovery:discover_packages(prefix_path) check parameters
[0.332s] Level 1:colcon.colcon_core.package_discovery:discover_packages(prefix_path) discover
[0.335s] DEBUG:colcon.colcon_installed_package_information.package_discovery:Found 363 installed packages in /opt/ros/humble
[0.337s] Level 1:colcon.colcon_core.package_discovery:discover_packages(prefix_path) using defaults
[0.382s] Level 5:colcon.colcon_core.verb:set package 'talker_listener' build argument 'cmake_args' from command line to 'None'
[0.382s] Level 5:colcon.colcon_core.verb:set package 'talker_listener' build argument 'cmake_target' from command line to 'None'
[0.382s] Level 5:colcon.colcon_core.verb:set package 'talker_listener' build argument 'cmake_target_skip_unavailable' from command line to 'False'
[0.382s] Level 5:colcon.colcon_core.verb:set package 'talker_listener' build argument 'cmake_clean_cache' from command line to 'False'
[0.382s] Level 5:colcon.colcon_core.verb:set package 'talker_listener' build argument 'cmake_clean_first' from command line to 'False'
[0.382s] Level 5:colcon.colcon_core.verb:set package 'talker_listener' build argument 'cmake_force_configure' from command line to 'False'
[0.382s] Level 5:colcon.colcon_core.verb:set package 'talker_listener' build argument 'ament_cmake_args' from command line to 'None'
[0.382s] Level 5:colcon.colcon_core.verb:set package 'talker_listener' build argument 'catkin_cmake_args' from command line to 'None'
[0.382s] Level 5:colcon.colcon_core.verb:set package 'talker_listener' build argument 'catkin_skip_building_tests' from command line to 'False'
[0.382s] DEBUG:colcon.colcon_core.verb:Building package 'talker_listener' with the following arguments: {'ament_cmake_args': None, 'build_base': '/home/module-dev/ros2_ws/build/talker_listener', 'catkin_cmake_args': None, 'catkin_skip_building_tests': False, 'cmake_args': None, 'cmake_clean_cache': False, 'cmake_clean_first': False, 'cmake_force_configure': False, 'cmake_target': None, 'cmake_target_skip_unavailable': False, 'install_base': '/home/module-dev/ros2_ws/install/talker_listener', 'merge_install': False, 'path': '/home/module-dev/ros2_ws/src/talker_listener', 'symlink_install': False, 'test_result_base': None}
[0.382s] INFO:colcon.colcon_core.executor:Executing jobs using 'parallel' executor
[0.383s] DEBUG:colcon.colcon_parallel_executor.executor.parallel:run_until_complete
[0.383s] INFO:colcon.colcon_ros.task.ament_cmake.build:Building ROS package in '/home/module-dev/ros2_ws/src/talker_listener' with build type 'ament_cmake'
[0.383s] INFO:colcon.colcon_cmake.task.cmake.build:Building CMake package in '/home/module-dev/ros2_ws/src/talker_listener'
[0.385s] INFO:colcon.colcon_core.plugin_system:Skipping extension 'colcon_core.shell.bat': Not used on non-Windows systems
[0.385s] INFO:colcon.colcon_core.shell:Skip shell extension 'powershell' for command environment: Not usable outside of PowerShell
[0.385s] DEBUG:colcon.colcon_core.shell:Skip shell extension 'dsv' for command environment
[0.393s] DEBUG:colcon.colcon_core.event_handler.log_command:Invoking command in '/home/module-dev/ros2_ws/build/talker_listener': CMAKE_PREFIX_PATH=/opt/ros/humble /usr/bin/cmake /home/module-dev/ros2_ws/src/talker_listener -DCMAKE_INSTALL_PREFIX=/home/module-dev/ros2_ws/install/talker_listener
[1.191s] DEBUG:colcon.colcon_core.event_handler.log_command:Invoked command in '/home/module-dev/ros2_ws/build/talker_listener' returned '0': CMAKE_PREFIX_PATH=/opt/ros/humble /usr/bin/cmake /home/module-dev/ros2_ws/src/talker_listener -DCMAKE_INSTALL_PREFIX=/home/module-dev/ros2_ws/install/talker_listener
[1.193s] DEBUG:colcon.colcon_core.event_handler.log_command:Invoking command in '/home/module-dev/ros2_ws/build/talker_listener': CMAKE_PREFIX_PATH=/opt/ros/humble /usr/bin/cmake --build /home/module-dev/ros2_ws/build/talker_listener -- -j4 -l4
[9.990s] DEBUG:colcon.colcon_core.event_handler.log_command:Invoked command in '/home/module-dev/ros2_ws/build/talker_listener' returned '0': CMAKE_PREFIX_PATH=/opt/ros/humble /usr/bin/cmake --build /home/module-dev/ros2_ws/build/talker_listener -- -j4 -l4
[10.025s] DEBUG:colcon.colcon_core.event_handler.log_command:Invoking command in '/home/module-dev/ros2_ws/build/talker_listener': CMAKE_PREFIX_PATH=/opt/ros/humble /usr/bin/cmake --install /home/module-dev/ros2_ws/build/talker_listener
[10.040s] Level 1:colcon.colcon_core.environment:create_environment_scripts_only(talker_listener)
[10.041s] DEBUG:colcon.colcon_core.event_handler.log_command:Invoked command in '/home/module-dev/ros2_ws/build/talker_listener' returned '0': CMAKE_PREFIX_PATH=/opt/ros/humble /usr/bin/cmake --install /home/module-dev/ros2_ws/build/talker_listener
[10.043s] Level 1:colcon.colcon_core.environment:checking '/home/module-dev/ros2_ws/install/talker_listener' for CMake module files
[10.044s] Level 1:colcon.colcon_core.environment:checking '/home/module-dev/ros2_ws/install/talker_listener' for CMake config files
[10.044s] Level 1:colcon.colcon_core.shell:create_environment_hook('talker_listener', 'cmake_prefix_path')
[10.044s] INFO:colcon.colcon_core.shell:Creating environment hook '/home/module-dev/ros2_ws/install/talker_listener/share/talker_listener/hook/cmake_prefix_path.ps1'
[10.045s] INFO:colcon.colcon_core.shell:Creating environment descriptor '/home/module-dev/ros2_ws/install/talker_listener/share/talker_listener/hook/cmake_prefix_path.dsv'
[10.045s] INFO:colcon.colcon_core.shell:Creating environment hook '/home/module-dev/ros2_ws/install/talker_listener/share/talker_listener/hook/cmake_prefix_path.sh'
[10.046s] Level 1:colcon.colcon_core.environment:checking '/home/module-dev/ros2_ws/install/talker_listener/lib'
[10.046s] Level 1:colcon.colcon_core.environment:checking '/home/module-dev/ros2_ws/install/talker_listener/bin'
[10.046s] Level 1:colcon.colcon_core.environment:checking '/home/module-dev/ros2_ws/install/talker_listener/lib/pkgconfig/talker_listener.pc'
[10.047s] Level 1:colcon.colcon_core.environment:checking '/home/module-dev/ros2_ws/install/talker_listener/lib/python3.10/site-packages'
[10.047s] Level 1:colcon.colcon_core.environment:checking '/home/module-dev/ros2_ws/install/talker_listener/bin'
[10.047s] INFO:colcon.colcon_core.shell:Creating package script '/home/module-dev/ros2_ws/install/talker_listener/share/talker_listener/package.ps1'
[10.048s] INFO:colcon.colcon_core.shell:Creating package descriptor '/home/module-dev/ros2_ws/install/talker_listener/share/talker_listener/package.dsv'
[10.049s] INFO:colcon.colcon_core.shell:Creating package script '/home/module-dev/ros2_ws/install/talker_listener/share/talker_listener/package.sh'
[10.049s] INFO:colcon.colcon_core.shell:Creating package script '/home/module-dev/ros2_ws/install/talker_listener/share/talker_listener/package.bash'
[10.050s] INFO:colcon.colcon_core.shell:Creating package script '/home/module-dev/ros2_ws/install/talker_listener/share/talker_listener/package.zsh'
[10.051s] Level 1:colcon.colcon_core.environment:create_file_with_runtime_dependencies(/home/module-dev/ros2_ws/install/talker_listener/share/colcon-core/packages/talker_listener)
[10.078s] Level 1:colcon.colcon_core.environment:create_environment_scripts_only(talker_listener)
[10.078s] Level 1:colcon.colcon_core.environment:checking '/home/module-dev/ros2_ws/install/talker_listener' for CMake module files
[10.079s] Level 1:colcon.colcon_core.environment:checking '/home/module-dev/ros2_ws/install/talker_listener' for CMake config files
[10.079s] Level 1:colcon.colcon_core.shell:create_environment_hook('talker_listener', 'cmake_prefix_path')
[10.079s] INFO:colcon.colcon_core.shell:Creating environment hook '/home/module-dev/ros2_ws/install/talker_listener/share/talker_listener/hook/cmake_prefix_path.ps1'
[10.080s] INFO:colcon.colcon_core.shell:Creating environment descriptor '/home/module-dev/ros2_ws/install/talker_listener/share/talker_listener/hook/cmake_prefix_path.dsv'
[10.080s] INFO:colcon.colcon_core.shell:Creating environment hook '/home/module-dev/ros2_ws/install/talker_listener/share/talker_listener/hook/cmake_prefix_path.sh'
[10.081s] Level 1:colcon.colcon_core.environment:checking '/home/module-dev/ros2_ws/install/talker_listener/lib'
[10.081s] Level 1:colcon.colcon_core.environment:checking '/home/module-dev/ros2_ws/install/talker_listener/bin'
[10.081s] Level 1:colcon.colcon_core.environment:checking '/home/module-dev/ros2_ws/install/talker_listener/lib/pkgconfig/talker_listener.pc'
[10.081s] Level 1:colcon.colcon_core.environment:checking '/home/module-dev/ros2_ws/install/talker_listener/lib/python3.10/site-packages'
[10.081s] Level 1:colcon.colcon_core.environment:checking '/home/module-dev/ros2_ws/install/talker_listener/bin'
[10.081s] INFO:colcon.colcon_core.shell:Creating package script '/home/module-dev/ros2_ws/install/talker_listener/share/talker_listener/package.ps1'
[10.082s] INFO:colcon.colcon_core.shell:Creating package descriptor '/home/module-dev/ros2_ws/install/talker_listener/share/talker_listener/package.dsv'
[10.082s] INFO:colcon.colcon_core.shell:Creating package script '/home/module-dev/ros2_ws/install/talker_listener/share/talker_listener/package.sh'
[10.083s] INFO:colcon.colcon_core.shell:Creating package script '/home/module-dev/ros2_ws/install/talker_listener/share/talker_listener/package.bash'
[10.083s] INFO:colcon.colcon_core.shell:Creating package script '/home/module-dev/ros2_ws/install/talker_listener/share/talker_listener/package.zsh'
[10.083s] Level 1:colcon.colcon_core.environment:create_file_with_runtime_dependencies(/home/module-dev/ros2_ws/install/talker_listener/share/colcon-core/packages/talker_listener)
[10.084s] DEBUG:colcon.colcon_parallel_executor.executor.parallel:closing loop
[10.084s] DEBUG:colcon.colcon_parallel_executor.executor.parallel:loop closed
[10.084s] DEBUG:colcon.colcon_parallel_executor.executor.parallel:run_until_complete finished with '0'
[10.084s] DEBUG:colcon.colcon_core.event_reactor:joining thread
[10.089s] INFO:colcon.colcon_core.plugin_system:Skipping extension 'colcon_notification.desktop_notification.terminal_notifier': Not used on non-Darwin systems
[10.089s] INFO:colcon.colcon_core.plugin_system:Skipping extension 'colcon_notification.desktop_notification.win32': Not used on non-Windows systems
[10.089s] INFO:colcon.colcon_notification.desktop_notification:Sending desktop notification using 'notify2'
[10.103s] DEBUG:colcon.colcon_core.event_reactor:joined thread
[10.104s] INFO:colcon.colcon_core.shell:Creating prefix script '/home/module-dev/ros2_ws/install/local_setup.ps1'
[10.105s] INFO:colcon.colcon_core.shell:Creating prefix util module '/home/module-dev/ros2_ws/install/_local_setup_util_ps1.py'
[10.107s] INFO:colcon.colcon_core.shell:Creating prefix chain script '/home/module-dev/ros2_ws/install/setup.ps1'
[10.108s] INFO:colcon.colcon_core.shell:Creating prefix script '/home/module-dev/ros2_ws/install/local_setup.sh'
[10.109s] INFO:colcon.colcon_core.shell:Creating prefix util module '/home/module-dev/ros2_ws/install/_local_setup_util_sh.py'
[10.109s] INFO:colcon.colcon_core.shell:Creating prefix chain script '/home/module-dev/ros2_ws/install/setup.sh'
[10.111s] INFO:colcon.colcon_core.shell:Creating prefix script '/home/module-dev/ros2_ws/install/local_setup.bash'
[10.112s] INFO:colcon.colcon_core.shell:Creating prefix chain script '/home/module-dev/ros2_ws/install/setup.bash'
[10.115s] INFO:colcon.colcon_core.shell:Creating prefix script '/home/module-dev/ros2_ws/install/local_setup.zsh'
[10.116s] INFO:colcon.colcon_core.shell:Creating prefix chain script '/home/module-dev/ros2_ws/install/setup.zsh'
